[2025-09-08 07:33:16] [ERROR] - Traceback (most recent call last):
[2025-09-08 07:33:16] [ERROR] - File "C:\Users\User\Desktop\flowork_gui\main_gui.py", line 72, in <module>
[2025-09-08 07:33:16] [ERROR] - from views.ui_components.tab_manager import UITabManager
[2025-09-08 07:33:16] [ERROR] - File "C:\Users\User\Desktop\flowork_gui\views\ui_components\tab_manager.py", line 10, in <module>
[2025-09-08 07:33:16] [ERROR] - from views.workflow_editor_tab import WorkflowEditorTab
[2025-09-08 07:33:16] [ERROR] - File "C:\Users\User\Desktop\flowork_gui\views\workflow_editor_tab.py", line 20, in <module>
[2025-09-08 07:33:16] [ERROR] - from views.dashboard_manager import DashboardManager # PENAMBAHAN
[2025-09-08 07:33:16] [ERROR] - File "C:\Users\User\Desktop\flowork_gui\views\dashboard_manager.py", line 19, in <module>
[2025-09-08 07:33:16] [ERROR] - from widgets.canvas_area.canvas_area_widget import CanvasAreaWidget
[2025-09-08 07:33:16] [ERROR] - File "C:\Users\User\Desktop\flowork_gui\widgets\canvas_area\canvas_area_widget.py", line 15, in <module>
[2025-09-08 07:33:16] [ERROR] - from views.canvas_manager import CanvasManager # PENAMBAHAN
[2025-09-08 07:33:16] [ERROR] - File "C:\Users\User\Desktop\flowork_gui\views\canvas_manager.py", line 21, in <module>
[2025-09-08 07:33:16] [ERROR] - from .canvas_components.visual_manager import VisualManager
[2025-09-08 07:33:16] [ERROR] - File "C:\Users\User\Desktop\flowork_gui\views\canvas_components\visual_manager.py", line 5, in <module>
[2025-09-08 07:33:16] [ERROR] - from ...api_client.client import ApiClient # PENAMBAHAN: Menggunakan import relatif yang benar (naik tiga level direktori).
[2025-09-08 07:33:16] [ERROR] - ImportError
[2025-09-08 07:33:16] [ERROR] - :
[2025-09-08 07:33:16] [ERROR] - attempted relative import beyond top-level package

-----------------------------------------------------------------
[INFO] GUI process terminated.
=================================================================
 LOG SESSION ENDED AT: 08/09/2025  7:33:16,12
=================================================================

-----------------------------------------------------------------
[INFO] GUI process terminated.
=================================================================
 LOG SESSION ENDED AT: 08/09/2025  7:34:48,04
=================================================================

-----------------------------------------------------------------
[INFO] GUI process terminated.
=================================================================
 LOG SESSION ENDED AT: 08/09/2025  7:35:23,46
=================================================================

-----------------------------------------------------------------
[INFO] GUI process terminated.
=================================================================
 LOG SESSION ENDED AT: 08/09/2025  7:48:21,25
=================================================================

-----------------------------------------------------------------
[INFO] GUI process terminated.
=================================================================
 LOG SESSION ENDED AT: 08/09/2025  7:49:57,10
=================================================================

-----------------------------------------------------------------
[INFO] GUI process terminated.
=================================================================
 LOG SESSION ENDED AT: 08/09/2025  7:51:35,83
=================================================================

-----------------------------------------------------------------
[INFO] GUI process terminated.
=================================================================
 LOG SESSION ENDED AT: 08/09/2025  7:54:07,01
=================================================================

-----------------------------------------------------------------
[INFO] GUI process terminated.
=================================================================
 LOG SESSION ENDED AT: 08/09/2025  7:55:50,42
=================================================================

-----------------------------------------------------------------
[INFO] GUI process terminated.
=================================================================
 LOG SESSION ENDED AT: 08/09/2025  7:56:16,24
=================================================================

-----------------------------------------------------------------
[INFO] GUI process terminated.
=================================================================
 LOG SESSION ENDED AT: 08/09/2025  7:57:34,29
=================================================================

-----------------------------------------------------------------
[INFO] GUI process terminated.
=================================================================
 LOG SESSION ENDED AT: 08/09/2025  8:06:53,91
=================================================================

-----------------------------------------------------------------
[INFO] GUI process terminated.
=================================================================
 LOG SESSION ENDED AT: 08/09/2025  8:08:46,14
=================================================================

-----------------------------------------------------------------
[INFO] GUI process terminated.
=================================================================
 LOG SESSION ENDED AT: 08/09/2025  8:14:27,63
=================================================================

-----------------------------------------------------------------
[INFO] GUI process terminated.
=================================================================
 LOG SESSION ENDED AT: 08/09/2025  8:19:43,51
=================================================================

-----------------------------------------------------------------
[INFO] GUI process terminated.
=================================================================
 LOG SESSION ENDED AT: 08/09/2025  8:24:49,23
=================================================================

-----------------------------------------------------------------
[INFO] GUI process terminated.
=================================================================
 LOG SESSION ENDED AT: 08/09/2025  8:27:48,93
=================================================================

-----------------------------------------------------------------
[INFO] GUI process terminated.
=================================================================
 LOG SESSION ENDED AT: 08/09/2025  8:29:08,94
=================================================================

-----------------------------------------------------------------
[INFO] GUI process terminated.
=================================================================
 LOG SESSION ENDED AT: 08/09/2025  8:30:44,83
=================================================================

-----------------------------------------------------------------
[INFO] GUI process terminated.
=================================================================
 LOG SESSION ENDED AT: 08/09/2025  8:31:01,60
=================================================================

-----------------------------------------------------------------
[INFO] GUI process terminated.
=================================================================
 LOG SESSION ENDED AT: 08/09/2025 19:55:01,86
=================================================================

-----------------------------------------------------------------
[INFO] GUI process terminated.
=================================================================
 LOG SESSION ENDED AT: 08/09/2025 19:55:06,82
=================================================================

-----------------------------------------------------------------
[INFO] GUI process terminated.
=================================================================
 LOG SESSION ENDED AT: 08/09/2025 20:44:54,38
=================================================================

-----------------------------------------------------------------
[INFO] GUI process terminated.
=================================================================
 LOG SESSION ENDED AT: 08/09/2025 20:45:17,87
=================================================================

-----------------------------------------------------------------
[INFO] GUI process terminated.
=================================================================
 LOG SESSION ENDED AT: 08/09/2025 20:52:47,83
=================================================================
